This file contains any messages produced by compilers while
running configure, to aid debugging if configure makes a mistake.

It was created by antvm configure 0.1, which was
generated by GNU Autoconf 2.69.  Invocation command line was

  $ ./configure --enable-silent-rules

## --------- ##
## Platform. ##
## --------- ##

hostname = ibm-VirtualBox
uname -m = i686
uname -r = 3.13.0-32-generic
uname -s = Linux
uname -v = #57-Ubuntu SMP Tue Jul 15 03:51:12 UTC 2014

/usr/bin/uname -p = unknown
/bin/uname -X     = unknown

/bin/arch              = unknown
/usr/bin/arch -k       = unknown
/usr/convex/getsysinfo = unknown
/usr/bin/hostinfo      = unknown
/bin/machine           = unknown
/usr/bin/oslevel       = unknown
/bin/universe          = unknown

PATH: /usr/local/sbin
PATH: /usr/local/bin
PATH: /usr/sbin
PATH: /usr/bin
PATH: /sbin
PATH: /bin
PATH: /usr/games
PATH: /usr/local/games


## ----------- ##
## Core tests. ##
## ----------- ##

configure:2197: checking for gcc
configure:2213: found /usr/bin/gcc
configure:2224: result: gcc
configure:2453: checking for C compiler version
configure:2462: gcc --version >&5
gcc (Ubuntu 4.8.2-19ubuntu1) 4.8.2
Copyright (C) 2013 Free Software Foundation, Inc.
This is free software; see the source for copying conditions.  There is NO
warranty; not even for MERCHANTABILITY or FITNESS FOR A PARTICULAR PURPOSE.

configure:2473: $? = 0
configure:2462: gcc -v >&5
Using built-in specs.
COLLECT_GCC=gcc
COLLECT_LTO_WRAPPER=/usr/lib/gcc/i686-linux-gnu/4.8/lto-wrapper
Target: i686-linux-gnu
Configured with: ../src/configure -v --with-pkgversion='Ubuntu 4.8.2-19ubuntu1' --with-bugurl=file:///usr/share/doc/gcc-4.8/README.Bugs --enable-languages=c,c++,java,go,d,fortran,objc,obj-c++ --prefix=/usr --program-suffix=-4.8 --enable-shared --enable-linker-build-id --libexecdir=/usr/lib --without-included-gettext --enable-threads=posix --with-gxx-include-dir=/usr/include/c++/4.8 --libdir=/usr/lib --enable-nls --with-sysroot=/ --enable-clocale=gnu --enable-libstdcxx-debug --enable-libstdcxx-time=yes --enable-gnu-unique-object --disable-libmudflap --enable-plugin --with-system-zlib --disable-browser-plugin --enable-java-awt=gtk --enable-gtk-cairo --with-java-home=/usr/lib/jvm/java-1.5.0-gcj-4.8-i386/jre --enable-java-home --with-jvm-root-dir=/usr/lib/jvm/java-1.5.0-gcj-4.8-i386 --with-jvm-jar-dir=/usr/lib/jvm-exports/java-1.5.0-gcj-4.8-i386 --with-arch-directory=i386 --with-ecj-jar=/usr/share/java/eclipse-ecj.jar --enable-objc-gc --enable-targets=all --enable-multiarch --disable-werror --with-arch-32=i686 --with-multilib-list=m32,m64,mx32 --with-tune=generic --enable-checking=release --build=i686-linux-gnu --host=i686-linux-gnu --target=i686-linux-gnu
Thread model: posix
gcc version 4.8.2 (Ubuntu 4.8.2-19ubuntu1) 
configure:2473: $? = 0
configure:2462: gcc -V >&5
gcc: error: unrecognized command line option '-V'
gcc: fatal error: no input files
compilation terminated.
configure:2473: $? = 4
configure:2462: gcc -qversion >&5
gcc: error: unrecognized command line option '-qversion'
gcc: fatal error: no input files
compilation terminated.
configure:2473: $? = 4
configure:2493: checking whether the C compiler works
configure:2515: gcc    conftest.c  >&5
configure:2519: $? = 0
configure:2567: result: yes
configure:2570: checking for C compiler default output file name
configure:2572: result: a.out
configure:2578: checking for suffix of executables
configure:2585: gcc -o conftest    conftest.c  >&5
configure:2589: $? = 0
configure:2611: result: 
configure:2633: checking whether we are cross compiling
configure:2641: gcc -o conftest    conftest.c  >&5
configure:2645: $? = 0
configure:2652: ./conftest
configure:2656: $? = 0
configure:2671: result: no
configure:2676: checking for suffix of object files
configure:2698: gcc -c   conftest.c >&5
configure:2702: $? = 0
configure:2723: result: o
configure:2727: checking whether we are using the GNU C compiler
configure:2746: gcc -c   conftest.c >&5
configure:2746: $? = 0
configure:2755: result: yes
configure:2764: checking whether gcc accepts -g
configure:2784: gcc -c -g  conftest.c >&5
configure:2784: $? = 0
configure:2825: result: yes
configure:2842: checking for gcc option to accept ISO C89
configure:2905: gcc  -c -g -O2  conftest.c >&5
configure:2905: $? = 0
configure:2918: result: none needed
configure:2946: checking whether gcc understands -c and -o together
configure:2968: gcc -c conftest.c -o conftest2.o
configure:2971: $? = 0
configure:2968: gcc -c conftest.c -o conftest2.o
configure:2971: $? = 0
configure:2983: result: yes
configure:3045: checking for ranlib
configure:3061: found /usr/bin/ranlib
configure:3072: result: ranlib
configure:3102: checking how to run the C preprocessor
configure:3133: gcc -E  conftest.c
configure:3133: $? = 0
configure:3147: gcc -E  conftest.c
conftest.c:9:28: fatal error: ac_nonexistent.h: No such file or directory
 #include <ac_nonexistent.h>
                            ^
compilation terminated.
configure:3147: $? = 1
configure: failed program was:
| /* confdefs.h */
| #define PACKAGE_NAME "antvm"
| #define PACKAGE_TARNAME "antvm"
| #define PACKAGE_VERSION "0.1"
| #define PACKAGE_STRING "antvm 0.1"
| #define PACKAGE_BUGREPORT "tassardge@hotmail.com"
| #define PACKAGE_URL ""
| /* end confdefs.h.  */
| #include <ac_nonexistent.h>
configure:3172: result: gcc -E
configure:3192: gcc -E  conftest.c
configure:3192: $? = 0
configure:3206: gcc -E  conftest.c
conftest.c:9:28: fatal error: ac_nonexistent.h: No such file or directory
 #include <ac_nonexistent.h>
                            ^
compilation terminated.
configure:3206: $? = 1
configure: failed program was:
| /* confdefs.h */
| #define PACKAGE_NAME "antvm"
| #define PACKAGE_TARNAME "antvm"
| #define PACKAGE_VERSION "0.1"
| #define PACKAGE_STRING "antvm 0.1"
| #define PACKAGE_BUGREPORT "tassardge@hotmail.com"
| #define PACKAGE_URL ""
| /* end confdefs.h.  */
| #include <ac_nonexistent.h>
configure:3235: checking for grep that handles long lines and -e
configure:3293: result: /bin/grep
configure:3298: checking for egrep
configure:3360: result: /bin/grep -E
configure:3365: checking for ANSI C header files
configure:3385: gcc -c -g -O2  conftest.c >&5
configure:3385: $? = 0
configure:3458: gcc -o conftest -g -O2   conftest.c  >&5
configure:3458: $? = 0
configure:3458: ./conftest
configure:3458: $? = 0
configure:3469: result: yes
configure:3482: checking for sys/types.h
configure:3482: gcc -c -g -O2  conftest.c >&5
configure:3482: $? = 0
configure:3482: result: yes
configure:3482: checking for sys/stat.h
configure:3482: gcc -c -g -O2  conftest.c >&5
configure:3482: $? = 0
configure:3482: result: yes
configure:3482: checking for stdlib.h
configure:3482: gcc -c -g -O2  conftest.c >&5
configure:3482: $? = 0
configure:3482: result: yes
configure:3482: checking for string.h
configure:3482: gcc -c -g -O2  conftest.c >&5
configure:3482: $? = 0
configure:3482: result: yes
configure:3482: checking for memory.h
configure:3482: gcc -c -g -O2  conftest.c >&5
configure:3482: $? = 0
configure:3482: result: yes
configure:3482: checking for strings.h
configure:3482: gcc -c -g -O2  conftest.c >&5
configure:3482: $? = 0
configure:3482: result: yes
configure:3482: checking for inttypes.h
configure:3482: gcc -c -g -O2  conftest.c >&5
configure:3482: $? = 0
configure:3482: result: yes
configure:3482: checking for stdint.h
configure:3482: gcc -c -g -O2  conftest.c >&5
configure:3482: $? = 0
configure:3482: result: yes
configure:3482: checking for unistd.h
configure:3482: gcc -c -g -O2  conftest.c >&5
configure:3482: $? = 0
configure:3482: result: yes
configure:3497: checking malloc.h usability
configure:3497: gcc -c -g -O2  conftest.c >&5
configure:3497: $? = 0
configure:3497: result: yes
configure:3497: checking malloc.h presence
configure:3497: gcc -E  conftest.c
configure:3497: $? = 0
configure:3497: result: yes
configure:3497: checking for malloc.h
configure:3497: result: yes
configure:3497: checking for memory.h
configure:3497: result: yes
configure:3497: checking for stdlib.h
configure:3497: result: yes
configure:3497: checking for string.h
configure:3497: result: yes
configure:3497: checking for unistd.h
configure:3497: result: yes
configure:3552: checking for a BSD-compatible install
configure:3620: result: /usr/bin/install -c
configure:3631: checking whether build environment is sane
configure:3686: result: yes
configure:3721: WARNING: 'missing' script is too old or missing
configure:3834: checking for a thread-safe mkdir -p
configure:3873: result: /bin/mkdir -p
configure:3880: checking for gawk
configure:3910: result: no
configure:3880: checking for mawk
configure:3896: found /usr/bin/mawk
configure:3907: result: mawk
configure:3918: checking whether make sets $(MAKE)
configure:3940: result: yes
configure:3970: checking for style of include used by make
configure:3998: result: GNU
configure:4032: checking whether make supports nested variables
configure:4049: result: yes
configure:4134: checking dependency style of gcc
configure:4245: result: gcc3
configure:4308: checking for stdlib.h
configure:4308: result: yes
configure:4318: checking for GNU libc compatible malloc
configure:4342: gcc -o conftest -g -O2   conftest.c  >&5
configure:4342: $? = 0
configure:4342: ./conftest
configure:4342: $? = 0
configure:4352: result: yes
configure:4375: checking for memset
configure:4375: gcc -o conftest -g -O2   conftest.c  >&5
conftest.c:51:6: warning: conflicting types for built-in function 'memset' [enabled by default]
 char memset ();
      ^
configure:4375: $? = 0
configure:4375: result: yes
configure:4496: checking that generated files are newer than configure
configure:4502: result: done
configure:4525: creating ./config.status

## ---------------------- ##
## Running config.status. ##
## ---------------------- ##

This file was extended by antvm config.status 0.1, which was
generated by GNU Autoconf 2.69.  Invocation command line was

  CONFIG_FILES    = 
  CONFIG_HEADERS  = 
  CONFIG_LINKS    = 
  CONFIG_COMMANDS = 
  $ ./config.status 

on ibm-VirtualBox

config.status:863: creating Makefile
config.status:863: creating src/Makefile
config.status:863: creating src/i386/Makefile
config.status:863: creating config.h
config.status:1092: executing depfiles commands

## ---------------- ##
## Cache variables. ##
## ---------------- ##

ac_cv_c_compiler_gnu=yes
ac_cv_env_CC_set=
ac_cv_env_CC_value=
ac_cv_env_CFLAGS_set=
ac_cv_env_CFLAGS_value=
ac_cv_env_CPPFLAGS_set=
ac_cv_env_CPPFLAGS_value=
ac_cv_env_CPP_set=
ac_cv_env_CPP_value=
ac_cv_env_LDFLAGS_set=
ac_cv_env_LDFLAGS_value=
ac_cv_env_LIBS_set=
ac_cv_env_LIBS_value=
ac_cv_env_build_alias_set=
ac_cv_env_build_alias_value=
ac_cv_env_host_alias_set=
ac_cv_env_host_alias_value=
ac_cv_env_target_alias_set=
ac_cv_env_target_alias_value=
ac_cv_func_malloc_0_nonnull=yes
ac_cv_func_memset=yes
ac_cv_header_inttypes_h=yes
ac_cv_header_malloc_h=yes
ac_cv_header_memory_h=yes
ac_cv_header_stdc=yes
ac_cv_header_stdint_h=yes
ac_cv_header_stdlib_h=yes
ac_cv_header_string_h=yes
ac_cv_header_strings_h=yes
ac_cv_header_sys_stat_h=yes
ac_cv_header_sys_types_h=yes
ac_cv_header_unistd_h=yes
ac_cv_objext=o
ac_cv_path_EGREP='/bin/grep -E'
ac_cv_path_GREP=/bin/grep
ac_cv_path_install='/usr/bin/install -c'
ac_cv_path_mkdir=/bin/mkdir
ac_cv_prog_AWK=mawk
ac_cv_prog_CPP='gcc -E'
ac_cv_prog_ac_ct_CC=gcc
ac_cv_prog_ac_ct_RANLIB=ranlib
ac_cv_prog_cc_c89=
ac_cv_prog_cc_g=yes
ac_cv_prog_make_make_set=yes
am_cv_CC_dependencies_compiler_type=gcc3
am_cv_make_support_nested_variables=yes
am_cv_prog_cc_c_o=yes

## ----------------- ##
## Output variables. ##
## ----------------- ##

ACLOCAL='aclocal-1.14'
AMDEPBACKSLASH='\'
AMDEP_FALSE='#'
AMDEP_TRUE=''
AMTAR='$${TAR-tar}'
AM_BACKSLASH='\'
AM_DEFAULT_V='$(AM_DEFAULT_VERBOSITY)'
AM_DEFAULT_VERBOSITY='0'
AM_V='$(V)'
AUTOCONF='autoconf'
AUTOHEADER='autoheader'
AUTOMAKE='automake-1.14'
AWK='mawk'
CC='gcc'
CCDEPMODE='depmode=gcc3'
CFLAGS='-g -O2'
CPP='gcc -E'
CPPFLAGS=''
CYGPATH_W='echo'
DEFS='-DHAVE_CONFIG_H'
DEPDIR='.deps'
ECHO_C=''
ECHO_N='-n'
ECHO_T=''
EGREP='/bin/grep -E'
EXEEXT=''
GREP='/bin/grep'
INSTALL_DATA='${INSTALL} -m 644'
INSTALL_PROGRAM='${INSTALL}'
INSTALL_SCRIPT='${INSTALL}'
INSTALL_STRIP_PROGRAM='$(install_sh) -c -s'
LDFLAGS=''
LIBOBJS=''
LIBS=''
LTLIBOBJS=''
MAKEINFO='makeinfo'
MKDIR_P='/bin/mkdir -p'
OBJEXT='o'
PACKAGE='antvm'
PACKAGE_BUGREPORT='tassardge@hotmail.com'
PACKAGE_NAME='antvm'
PACKAGE_STRING='antvm 0.1'
PACKAGE_TARNAME='antvm'
PACKAGE_URL=''
PACKAGE_VERSION='0.1'
PATH_SEPARATOR=':'
RANLIB='ranlib'
SET_MAKE=''
SHELL='/bin/bash'
STRIP=''
VERSION='0.1'
ac_ct_CC='gcc'
am__EXEEXT_FALSE=''
am__EXEEXT_TRUE='#'
am__fastdepCC_FALSE='#'
am__fastdepCC_TRUE=''
am__include='include'
am__isrc=''
am__leading_dot='.'
am__nodep='_no'
am__quote=''
am__tar='$${TAR-tar} chof - "$$tardir"'
am__untar='$${TAR-tar} xf -'
bindir='${exec_prefix}/bin'
build_alias=''
datadir='${datarootdir}'
datarootdir='${prefix}/share'
docdir='${datarootdir}/doc/${PACKAGE_TARNAME}'
dvidir='${docdir}'
exec_prefix='${prefix}'
host_alias=''
htmldir='${docdir}'
includedir='${prefix}/include'
infodir='${datarootdir}/info'
install_sh='${SHELL} /home/ibm/install-sh'
libdir='${exec_prefix}/lib'
libexecdir='${exec_prefix}/libexec'
localedir='${datarootdir}/locale'
localstatedir='${prefix}/var'
mandir='${datarootdir}/man'
mkdir_p='$(MKDIR_P)'
oldincludedir='/usr/include'
pdfdir='${docdir}'
prefix='/usr/local'
program_transform_name='s,x,x,'
psdir='${docdir}'
sbindir='${exec_prefix}/sbin'
sharedstatedir='${prefix}/com'
sysconfdir='${prefix}/etc'
target_alias=''

## ----------- ##
## confdefs.h. ##
## ----------- ##

/* confdefs.h */
#define PACKAGE_NAME "antvm"
#define PACKAGE_TARNAME "antvm"
#define PACKAGE_VERSION "0.1"
#define PACKAGE_STRING "antvm 0.1"
#define PACKAGE_BUGREPORT "tassardge@hotmail.com"
#define PACKAGE_URL ""
#define STDC_HEADERS 1
#define HAVE_SYS_TYPES_H 1
#define HAVE_SYS_STAT_H 1
#define HAVE_STDLIB_H 1
#define HAVE_STRING_H 1
#define HAVE_MEMORY_H 1
#define HAVE_STRINGS_H 1
#define HAVE_INTTYPES_H 1
#define HAVE_STDINT_H 1
#define HAVE_UNISTD_H 1
#define HAVE_MALLOC_H 1
#define HAVE_MEMORY_H 1
#define HAVE_STDLIB_H 1
#define HAVE_STRING_H 1
#define HAVE_UNISTD_H 1
#define PACKAGE "antvm"
#define VERSION "0.1"
#define HAVE_STDLIB_H 1
#define HAVE_MALLOC 1
#define HAVE_MEMSET 1

configure: exit 0
